[debug] [2019-06-20T17:13:33.228Z] ----------------------------------------------------------------------
[debug] [2019-06-20T17:13:33.231Z] Command:       C:\Program Files\nodejs\node.exe C:\Users\Novalife\AppData\Roaming\npm\node_modules\firebase-tools\lib\bin\firebase.js init
[debug] [2019-06-20T17:13:33.231Z] CLI Version:   7.0.0
[debug] [2019-06-20T17:13:33.231Z] Platform:      win32
[debug] [2019-06-20T17:13:33.231Z] Node Version:  v10.15.3
[debug] [2019-06-20T17:13:33.232Z] Time:          Thu Jun 20 2019 19:13:33 GMT+0200 (GMT+02:00)
[debug] [2019-06-20T17:13:33.232Z] ----------------------------------------------------------------------
[debug] 
[debug] [2019-06-20T17:13:33.241Z] > command requires scopes: ["email","openid","https://www.googleapis.com/auth/cloudplatformprojects.readonly","https://www.googleapis.com/auth/firebase","https://www.googleapis.com/auth/cloud-platform"]
[debug] [2019-06-20T17:13:33.242Z] > authorizing via signed-in user
[info] 
     ######## #### ########  ######## ########     ###     ######  ########
     ##        ##  ##     ## ##       ##     ##  ##   ##  ##       ##
     ######    ##  ########  ######   ########  #########  ######  ######
     ##        ##  ##    ##  ##       ##     ## ##     ##       ## ##
     ##       #### ##     ## ######## ########  ##     ##  ######  ########

You're about to initialize a Firebase project in this directory:

  C:\Users\Novalife\Desktop\tururu\tururu\dist

[debug] [2019-06-20T17:14:46.970Z] Error: kill ENOSYS
    at process.kill (internal/process/per_thread.js:198:13)
    at process.listener (C:\Users\Novalife\AppData\Roaming\npm\node_modules\firebase-tools\node_modules\signal-exit\index.js:95:15)
    at process.emit (events.js:189:13)
[error] 
[error] Error: An unexpected error has occurred.
